{"C:\\Projects\\customerfeedbackpage\\api\\server.js": {"path":"C:\\Projects\\customerfeedbackpage\\api\\server.js","statementMap":{"0":{"start":{"line":4,"column":12},"end":{"line":4,"column":21}},"1":{"start":{"line":6,"column":0},"end":{"line":6,"column":24}},"2":{"start":{"line":7,"column":0},"end":{"line":7,"column":17}}},"fnMap":{},"branchMap":{},"s":{"0":1,"1":1,"2":1},"f":{},"b":{},"_coverageSchema":"1a1c01bbd47fc00a2c39e90264f33305004495a9","hash":"b6fd07b6b6af5a63f1e411e8923f48e2d9b779da"}
,"C:\\Projects\\customerfeedbackpage\\api\\db\\credentials.js": {"path":"C:\\Projects\\customerfeedbackpage\\api\\db\\credentials.js","statementMap":{"0":{"start":{"line":6,"column":35},"end":{"line":12,"column":1}}},"fnMap":{},"branchMap":{},"s":{"0":1},"f":{},"b":{},"_coverageSchema":"1a1c01bbd47fc00a2c39e90264f33305004495a9","hash":"4265501a17aef3677a6e17b017e620ed32f2179f"}
,"C:\\Projects\\customerfeedbackpage\\api\\db\\index.js": {"path":"C:\\Projects\\customerfeedbackpage\\api\\db\\index.js","statementMap":{"0":{"start":{"line":8,"column":13},"end":{"line":8,"column":45}},"1":{"start":{"line":10,"column":21},"end":{"line":10,"column":63}},"2":{"start":{"line":10,"column":39},"end":{"line":10,"column":63}},"3":{"start":{"line":13,"column":24},"end":{"line":13,"column":40}},"4":{"start":{"line":13,"column":30},"end":{"line":13,"column":40}}},"fnMap":{"0":{"name":"(anonymous_0)","decl":{"start":{"line":10,"column":21},"end":{"line":10,"column":22}},"loc":{"start":{"line":10,"column":39},"end":{"line":10,"column":63}},"line":10},"1":{"name":"(anonymous_1)","decl":{"start":{"line":13,"column":24},"end":{"line":13,"column":25}},"loc":{"start":{"line":13,"column":30},"end":{"line":13,"column":40}},"line":13}},"branchMap":{},"s":{"0":1,"1":1,"2":0,"3":1,"4":1},"f":{"0":0,"1":1},"b":{},"_coverageSchema":"1a1c01bbd47fc00a2c39e90264f33305004495a9","hash":"59f3c9355cc2d12d3dd9cda7832fe6330bf86c78"}
,"C:\\Projects\\customerfeedbackpage\\api\\helpers\\helper.utils.js": {"path":"C:\\Projects\\customerfeedbackpage\\api\\helpers\\helper.utils.js","statementMap":{"0":{"start":{"line":2,"column":26},"end":{"line":2,"column":177}}},"fnMap":{},"branchMap":{},"s":{"0":3},"f":{},"b":{},"_coverageSchema":"1a1c01bbd47fc00a2c39e90264f33305004495a9","hash":"dd373a4329703a3b63924cf89395f152aae596d4"}
,"C:\\Projects\\customerfeedbackpage\\api\\helpers\\helpers.js": {"path":"C:\\Projects\\customerfeedbackpage\\api\\helpers\\helpers.js","statementMap":{"0":{"start":{"line":4,"column":41},"end":{"line":26,"column":1}},"1":{"start":{"line":6,"column":4},"end":{"line":8,"column":10}},"2":{"start":{"line":10,"column":4},"end":{"line":12,"column":10}},"3":{"start":{"line":14,"column":4},"end":{"line":16,"column":10}},"4":{"start":{"line":18,"column":4},"end":{"line":20,"column":10}},"5":{"start":{"line":21,"column":2},"end":{"line":25,"column":3}},"6":{"start":{"line":22,"column":4},"end":{"line":22,"column":17}},"7":{"start":{"line":24,"column":4},"end":{"line":24,"column":16}}},"fnMap":{"0":{"name":"(anonymous_0)","decl":{"start":{"line":4,"column":41},"end":{"line":4,"column":42}},"loc":{"start":{"line":4,"column":79},"end":{"line":26,"column":1}},"line":4}},"branchMap":{"0":{"loc":{"start":{"line":6,"column":4},"end":{"line":8,"column":10}},"type":"cond-expr","locations":[{"start":{"line":7,"column":8},"end":{"line":7,"column":56}},{"start":{"line":8,"column":8},"end":{"line":8,"column":10}}],"line":6},"1":{"loc":{"start":{"line":6,"column":4},"end":{"line":6,"column":29}},"type":"binary-expr","locations":[{"start":{"line":6,"column":4},"end":{"line":6,"column":9}},{"start":{"line":6,"column":13},"end":{"line":6,"column":29}}],"line":6},"2":{"loc":{"start":{"line":10,"column":4},"end":{"line":12,"column":10}},"type":"cond-expr","locations":[{"start":{"line":11,"column":8},"end":{"line":11,"column":67}},{"start":{"line":12,"column":8},"end":{"line":12,"column":10}}],"line":10},"3":{"loc":{"start":{"line":10,"column":4},"end":{"line":10,"column":59}},"type":"binary-expr","locations":[{"start":{"line":10,"column":4},"end":{"line":10,"column":10}},{"start":{"line":10,"column":14},"end":{"line":10,"column":32}},{"start":{"line":10,"column":36},"end":{"line":10,"column":59}}],"line":10},"4":{"loc":{"start":{"line":14,"column":4},"end":{"line":16,"column":10}},"type":"cond-expr","locations":[{"start":{"line":15,"column":8},"end":{"line":15,"column":48}},{"start":{"line":16,"column":8},"end":{"line":16,"column":10}}],"line":14},"5":{"loc":{"start":{"line":14,"column":4},"end":{"line":14,"column":45}},"type":"binary-expr","locations":[{"start":{"line":14,"column":4},"end":{"line":14,"column":14}},{"start":{"line":14,"column":18},"end":{"line":14,"column":28}},{"start":{"line":14,"column":32},"end":{"line":14,"column":45}}],"line":14},"6":{"loc":{"start":{"line":18,"column":4},"end":{"line":20,"column":10}},"type":"cond-expr","locations":[{"start":{"line":19,"column":8},"end":{"line":19,"column":57}},{"start":{"line":20,"column":8},"end":{"line":20,"column":10}}],"line":18},"7":{"loc":{"start":{"line":18,"column":4},"end":{"line":18,"column":36}},"type":"binary-expr","locations":[{"start":{"line":18,"column":4},"end":{"line":18,"column":12}},{"start":{"line":18,"column":16},"end":{"line":18,"column":36}}],"line":18},"8":{"loc":{"start":{"line":21,"column":2},"end":{"line":25,"column":3}},"type":"if","locations":[{"start":{"line":21,"column":2},"end":{"line":25,"column":3}},{"start":{"line":21,"column":2},"end":{"line":25,"column":3}}],"line":21},"9":{"loc":{"start":{"line":21,"column":6},"end":{"line":21,"column":60}},"type":"binary-expr","locations":[{"start":{"line":21,"column":6},"end":{"line":21,"column":15}},{"start":{"line":21,"column":19},"end":{"line":21,"column":29}},{"start":{"line":21,"column":33},"end":{"line":21,"column":44}},{"start":{"line":21,"column":48},"end":{"line":21,"column":60}}],"line":21}},"s":{"0":2,"1":2,"2":2,"3":2,"4":2,"5":2,"6":1,"7":1},"f":{"0":2},"b":{"0":[0,2],"1":[2,2],"2":[1,1],"3":[2,2,2],"4":[0,2],"5":[2,2,2],"6":[0,2],"7":[2,2],"8":[1,1],"9":[2,2,1,1]},"_coverageSchema":"1a1c01bbd47fc00a2c39e90264f33305004495a9","hash":"5f96820e43d154ce6424ab146193e44fefddfe9a"}
,"C:\\Projects\\customerfeedbackpage\\api\\helpers\\__tests__\\data\\helper.utils.data.js": {"path":"C:\\Projects\\customerfeedbackpage\\api\\helpers\\__tests__\\data\\helper.utils.data.js","statementMap":{"0":{"start":{"line":1,"column":26},"end":{"line":1,"column":41}},"1":{"start":{"line":3,"column":28},"end":{"line":3,"column":44}}},"fnMap":{},"branchMap":{},"s":{"0":1,"1":1},"f":{},"b":{},"_coverageSchema":"1a1c01bbd47fc00a2c39e90264f33305004495a9","hash":"0fa0786093e71a986dca545789c7adb94b080bdf"}
,"C:\\Projects\\customerfeedbackpage\\api\\helpers\\__tests__\\data\\helpers.data.js": {"path":"C:\\Projects\\customerfeedbackpage\\api\\helpers\\__tests__\\data\\helpers.data.js","statementMap":{"0":{"start":{"line":1,"column":25},"end":{"line":6,"column":1}},"1":{"start":{"line":8,"column":27},"end":{"line":13,"column":1}}},"fnMap":{},"branchMap":{},"s":{"0":1,"1":1},"f":{},"b":{},"_coverageSchema":"1a1c01bbd47fc00a2c39e90264f33305004495a9","hash":"c092382df2a495a376e2da14df33e357ebcfdb8a"}
,"C:\\Projects\\customerfeedbackpage\\api\\routes\\index.js": {"path":"C:\\Projects\\customerfeedbackpage\\api\\routes\\index.js","statementMap":{"0":{"start":{"line":9,"column":2},"end":{"line":9,"column":53}},"1":{"start":{"line":13,"column":2},"end":{"line":13,"column":31}},"2":{"start":{"line":14,"column":2},"end":{"line":14,"column":33}},"3":{"start":{"line":15,"column":2},"end":{"line":15,"column":45}}},"fnMap":{"0":{"name":"(anonymous_0)","decl":{"start":{"line":6,"column":15},"end":{"line":6,"column":16}},"loc":{"start":{"line":6,"column":24},"end":{"line":16,"column":1}},"line":6}},"branchMap":{},"s":{"0":1,"1":1,"2":1,"3":1},"f":{"0":1},"b":{},"_coverageSchema":"1a1c01bbd47fc00a2c39e90264f33305004495a9","hash":"c5825c660d3ed386afa36e541fe8c62d22d858e5"}
,"C:\\Projects\\customerfeedbackpage\\api\\routes\\product.js": {"path":"C:\\Projects\\customerfeedbackpage\\api\\routes\\product.js","statementMap":{"0":{"start":{"line":4,"column":15},"end":{"line":4,"column":27}},"1":{"start":{"line":7,"column":0},"end":{"line":13,"column":3}},"2":{"start":{"line":8,"column":13},"end":{"line":8,"column":26}},"3":{"start":{"line":9,"column":2},"end":{"line":9,"column":45}},"4":{"start":{"line":9,"column":11},"end":{"line":9,"column":45}},"5":{"start":{"line":10,"column":18},"end":{"line":10,"column":59}},"6":{"start":{"line":11,"column":19},"end":{"line":11,"column":39}},"7":{"start":{"line":12,"column":2},"end":{"line":12,"column":20}}},"fnMap":{"0":{"name":"(anonymous_0)","decl":{"start":{"line":7,"column":19},"end":{"line":7,"column":20}},"loc":{"start":{"line":7,"column":39},"end":{"line":13,"column":1}},"line":7}},"branchMap":{"0":{"loc":{"start":{"line":9,"column":2},"end":{"line":9,"column":45}},"type":"if","locations":[{"start":{"line":9,"column":2},"end":{"line":9,"column":45}},{"start":{"line":9,"column":2},"end":{"line":9,"column":45}}],"line":9}},"s":{"0":1,"1":1,"2":0,"3":0,"4":0,"5":0,"6":0,"7":0},"f":{"0":0},"b":{"0":[0,0]},"_coverageSchema":"1a1c01bbd47fc00a2c39e90264f33305004495a9","hash":"e344023fc6d425ce784492f24c4f6d85f09e7c97"}
,"C:\\Projects\\customerfeedbackpage\\api\\routes\\productreviews.js": {"path":"C:\\Projects\\customerfeedbackpage\\api\\routes\\productreviews.js","statementMap":{"0":{"start":{"line":6,"column":15},"end":{"line":6,"column":27}},"1":{"start":{"line":10,"column":0},"end":{"line":14,"column":3}},"2":{"start":{"line":11,"column":18},"end":{"line":11,"column":41}},"3":{"start":{"line":12,"column":19},"end":{"line":12,"column":39}},"4":{"start":{"line":13,"column":2},"end":{"line":13,"column":17}},"5":{"start":{"line":17,"column":0},"end":{"line":23,"column":3}},"6":{"start":{"line":18,"column":13},"end":{"line":18,"column":26}},"7":{"start":{"line":19,"column":2},"end":{"line":19,"column":45}},"8":{"start":{"line":19,"column":11},"end":{"line":19,"column":45}},"9":{"start":{"line":20,"column":18},"end":{"line":20,"column":65}},"10":{"start":{"line":21,"column":19},"end":{"line":21,"column":39}},"11":{"start":{"line":22,"column":2},"end":{"line":22,"column":17}},"12":{"start":{"line":27,"column":0},"end":{"line":44,"column":3}},"13":{"start":{"line":28,"column":13},"end":{"line":28,"column":26}},"14":{"start":{"line":29,"column":2},"end":{"line":29,"column":45}},"15":{"start":{"line":29,"column":11},"end":{"line":29,"column":45}},"16":{"start":{"line":31,"column":2},"end":{"line":32,"column":64}},"17":{"start":{"line":32,"column":4},"end":{"line":32,"column":64}},"18":{"start":{"line":34,"column":43},"end":{"line":34,"column":51}},"19":{"start":{"line":35,"column":15},"end":{"line":35,"column":43}},"20":{"start":{"line":36,"column":18},"end":{"line":36,"column":165}},"21":{"start":{"line":37,"column":2},"end":{"line":37,"column":56}},"22":{"start":{"line":37,"column":38},"end":{"line":37,"column":54}},"23":{"start":{"line":39,"column":19},"end":{"line":41,"column":36}},"24":{"start":{"line":41,"column":19},"end":{"line":41,"column":35}},"25":{"start":{"line":43,"column":2},"end":{"line":43,"column":17}}},"fnMap":{"0":{"name":"(anonymous_0)","decl":{"start":{"line":10,"column":19},"end":{"line":10,"column":20}},"loc":{"start":{"line":10,"column":39},"end":{"line":14,"column":1}},"line":10},"1":{"name":"(anonymous_1)","decl":{"start":{"line":17,"column":27},"end":{"line":17,"column":28}},"loc":{"start":{"line":17,"column":47},"end":{"line":23,"column":1}},"line":17},"2":{"name":"(anonymous_2)","decl":{"start":{"line":27,"column":28},"end":{"line":27,"column":29}},"loc":{"start":{"line":27,"column":48},"end":{"line":44,"column":1}},"line":27},"3":{"name":"(anonymous_3)","decl":{"start":{"line":37,"column":29},"end":{"line":37,"column":30}},"loc":{"start":{"line":37,"column":38},"end":{"line":37,"column":54}},"line":37},"4":{"name":"(anonymous_4)","decl":{"start":{"line":41,"column":10},"end":{"line":41,"column":11}},"loc":{"start":{"line":41,"column":19},"end":{"line":41,"column":35}},"line":41}},"branchMap":{"0":{"loc":{"start":{"line":19,"column":2},"end":{"line":19,"column":45}},"type":"if","locations":[{"start":{"line":19,"column":2},"end":{"line":19,"column":45}},{"start":{"line":19,"column":2},"end":{"line":19,"column":45}}],"line":19},"1":{"loc":{"start":{"line":29,"column":2},"end":{"line":29,"column":45}},"type":"if","locations":[{"start":{"line":29,"column":2},"end":{"line":29,"column":45}},{"start":{"line":29,"column":2},"end":{"line":29,"column":45}}],"line":29},"2":{"loc":{"start":{"line":31,"column":2},"end":{"line":32,"column":64}},"type":"if","locations":[{"start":{"line":31,"column":2},"end":{"line":32,"column":64}},{"start":{"line":31,"column":2},"end":{"line":32,"column":64}}],"line":31}},"s":{"0":1,"1":1,"2":0,"3":0,"4":0,"5":1,"6":0,"7":0,"8":0,"9":0,"10":0,"11":0,"12":1,"13":0,"14":0,"15":0,"16":0,"17":0,"18":0,"19":0,"20":0,"21":0,"22":0,"23":0,"24":0,"25":0},"f":{"0":0,"1":0,"2":0,"3":0,"4":0},"b":{"0":[0,0],"1":[0,0],"2":[0,0]},"_coverageSchema":"1a1c01bbd47fc00a2c39e90264f33305004495a9","hash":"a283e268c216327b888a0db9b3d01d8dc032f7c4"}
,"C:\\Projects\\customerfeedbackpage\\api\\routes\\products.js": {"path":"C:\\Projects\\customerfeedbackpage\\api\\routes\\products.js","statementMap":{"0":{"start":{"line":4,"column":15},"end":{"line":4,"column":27}},"1":{"start":{"line":7,"column":0},"end":{"line":11,"column":3}},"2":{"start":{"line":8,"column":18},"end":{"line":8,"column":42}},"3":{"start":{"line":9,"column":19},"end":{"line":9,"column":39}},"4":{"start":{"line":10,"column":2},"end":{"line":10,"column":17}}},"fnMap":{"0":{"name":"(anonymous_0)","decl":{"start":{"line":7,"column":19},"end":{"line":7,"column":20}},"loc":{"start":{"line":7,"column":39},"end":{"line":11,"column":1}},"line":7}},"branchMap":{},"s":{"0":1,"1":1,"2":0,"3":0,"4":0},"f":{"0":0},"b":{},"_coverageSchema":"1a1c01bbd47fc00a2c39e90264f33305004495a9","hash":"d4e9ebffbdaf3e868691c1f5519cf1f9315fe9d6"}
,"C:\\Projects\\customerfeedbackpage\\api\\routes\\__tests__\\data\\routes.data.js": {"path":"C:\\Projects\\customerfeedbackpage\\api\\routes\\__tests__\\data\\routes.data.js","statementMap":{"0":{"start":{"line":1,"column":29},"end":{"line":7,"column":1}},"1":{"start":{"line":9,"column":27},"end":{"line":31,"column":1}},"2":{"start":{"line":33,"column":30},"end":{"line":97,"column":1}},"3":{"start":{"line":99,"column":33},"end":{"line":291,"column":1}}},"fnMap":{},"branchMap":{},"s":{"0":1,"1":1,"2":1,"3":1},"f":{},"b":{},"_coverageSchema":"1a1c01bbd47fc00a2c39e90264f33305004495a9","hash":"6d875354b12ba0550b5094cacd3baad69b0c49c1"}
}
